nohup: ignoring input
Setting up watches.  Beware: since -r was given, this may take a while!
Watches established.
./ MODIFY monitor_orca.log
./monitor_orca.sh: line 11: backup_orca.sh: command not found
Setting up watches.  Beware: since -r was given, this may take a while!
Watches established.
./ MODIFY monitor_orca.log
./monitor_orca.sh: line 11: backup_orca.sh: command not found
Setting up watches.  Beware: since -r was given, this may take a while!
Watches established.
./ MODIFY monitor_orca.log
./monitor_orca.sh: line 11: backup_orca.sh: command not found
Setting up watches.  Beware: since -r was given, this may take a while!
Watches established.
./ MODIFY monitor_orca.log
./monitor_orca.sh: line 11: backup_orca.sh: command not found
Setting up watches.  Beware: since -r was given, this may take a while!
Watches established.
./ MODIFY monitor_orca.log
./monitor_orca.sh: line 11: backup_orca.sh: command not found
Setting up watches.  Beware: since -r was given, this may take a while!
Watches established.
./ MODIFY monitor_orca.log
./monitor_orca.sh: line 11: backup_orca.sh: command not found
Setting up watches.  Beware: since -r was given, this may take a while!
Watches established.
./ MODIFY monitor_orca.log
./monitor_orca.sh: line 11: backup_orca.sh: command not found
Setting up watches.  Beware: since -r was given, this may take a while!
Watches established.
./ MODIFY monitor_orca.log
./monitor_orca.sh: line 11: backup_orca.sh: command not found
Setting up watches.  Beware: since -r was given, this may take a while!
Watches established.
./ MODIFY monitor_orca.log
./monitor_orca.sh: line 11: backup_orca.sh: command not found
Setting up watches.  Beware: since -r was given, this may take a while!
Watches established.
./ MODIFY monitor_orca.log
./monitor_orca.sh: line 11: backup_orca.sh: command not found
Setting up watches.  Beware: since -r was given, this may take a while!
Watches established.
./ MODIFY monitor_orca.log
./monitor_orca.sh: line 11: backup_orca.sh: command not found
Setting up watches.  Beware: since -r was given, this may take a while!
Watches established.
./ MODIFY monitor_orca.log
./monitor_orca.sh: line 11: backup_orca.sh: command not found
Setting up watches.  Beware: since -r was given, this may take a while!
Watches established.
./ MODIFY monitor_orca.log
./monitor_orca.sh: line 11: backup_orca.sh: command not found
Setting up watches.  Beware: since -r was given, this may take a while!
Watches established.
./ MODIFY monitor_orca.log
./monitor_orca.sh: line 11: backup_orca.sh: command not found
Setting up watches.  Beware: since -r was given, this may take a while!
Watches established.
./ MODIFY monitor_orca.log
./monitor_orca.sh: line 11: backup_orca.sh: command not found
Setting up watches.  Beware: since -r was given, this may take a while!
Watches established.
./ MODIFY monitor_orca.log
./monitor_orca.sh: line 11: backup_orca.sh: command not found
Setting up watches.  Beware: since -r was given, this may take a while!
Watches established.
./ MODIFY monitor_orca.log
./monitor_orca.sh: line 11: backup_orca.sh: command not found
Setting up watches.  Beware: since -r was given, this may take a while!
Watches established.
./ MODIFY monitor_orca.log
./monitor_orca.sh: line 11: backup_orca.sh: command not found
Setting up watches.  Beware: since -r was given, this may take a while!
Watches established.
./ MODIFY monitor_orca.log
./monitor_orca.sh: line 11: backup_orca.sh: command not found
Setting up watches.  Beware: since -r was given, this may take a while!
Watches established.
./ MODIFY monitor_orca.log
./monitor_orca.sh: line 11: backup_orca.sh: command not found
Setting up watches.  Beware: since -r was given, this may take a while!
Watches established.
./ MODIFY monitor_orca.log
./monitor_orca.sh: line 11: backup_orca.sh: command not found
Setting up watches.  Beware: since -r was given, this may take a while!
Watches established.
./ MODIFY monitor_orca.log
./monitor_orca.sh: line 11: backup_orca.sh: command not found
Setting up watches.  Beware: since -r was given, this may take a while!
Watches established.
./ MODIFY monitor_orca.log
./monitor_orca.sh: line 11: backup_orca.sh: command not found
Setting up watches.  Beware: since -r was given, this may take a while!
Watches established.
./ MODIFY monitor_orca.log
./monitor_orca.sh: line 11: backup_orca.sh: command not found
Setting up watches.  Beware: since -r was given, this may take a while!
Watches established.
./ MODIFY monitor_orca.log
./monitor_orca.sh: line 11: backup_orca.sh: command not found
Setting up watches.  Beware: since -r was given, this may take a while!
Watches established.
./ MODIFY monitor_orca.log
./monitor_orca.sh: line 11: backup_orca.sh: command not found
Setting up watches.  Beware: since -r was given, this may take a while!
Watches established.
./ MODIFY monitor_orca.log
./monitor_orca.sh: line 11: backup_orca.sh: command not found
Setting up watches.  Beware: since -r was given, this may take a while!
Watches established.
./ MODIFY monitor_orca.log
./monitor_orca.sh: line 11: backup_orca.sh: command not found
Setting up watches.  Beware: since -r was given, this may take a while!
Watches established.
./ MODIFY monitor_orca.log
./monitor_orca.sh: line 11: backup_orca.sh: command not found
Setting up watches.  Beware: since -r was given, this may take a while!
Watches established.
./ MODIFY monitor_orca.log
./monitor_orca.sh: line 11: backup_orca.sh: command not found
Setting up watches.  Beware: since -r was given, this may take a while!
Watches established.
./ MODIFY monitor_orca.log
./monitor_orca.sh: line 11: backup_orca.sh: command not found
Setting up watches.  Beware: since -r was given, this may take a while!
Watches established.
./ MODIFY monitor_orca.log
./monitor_orca.sh: line 11: backup_orca.sh: command not found
Setting up watches.  Beware: since -r was given, this may take a while!
Watches established.
./ MODIFY monitor_orca.log
./monitor_orca.sh: line 11: backup_orca.sh: command not found
Setting up watches.  Beware: since -r was given, this may take a while!
Watches established.
./ MODIFY monitor_orca.log
./monitor_orca.sh: line 11: backup_orca.sh: command not found
Setting up watches.  Beware: since -r was given, this may take a while!
Watches established.
./ MODIFY monitor_orca.log
./monitor_orca.sh: line 11: backup_orca.sh: command not found
Setting up watches.  Beware: since -r was given, this may take a while!
Watches established.
./ MODIFY monitor_orca.log
./monitor_orca.sh: line 11: backup_orca.sh: command not found
Setting up watches.  Beware: since -r was given, this may take a while!
Watches established.
./ MODIFY monitor_orca.log
./monitor_orca.sh: line 11: backup_orca.sh: command not found
Setting up watches.  Beware: since -r was given, this may take a while!
Watches established.
./ MODIFY monitor_orca.log
./monitor_orca.sh: line 11: backup_orca.sh: command not found
Setting up watches.  Beware: since -r was given, this may take a while!
Watches established.
./ MODIFY monitor_orca.log
./monitor_orca.sh: line 11: backup_orca.sh: command not found
Setting up watches.  Beware: since -r was given, this may take a while!
Watches established.
./ MODIFY monitor_orca.log
./monitor_orca.sh: line 11: backup_orca.sh: command not found
Setting up watches.  Beware: since -r was given, this may take a while!
Watches established.
./ MODIFY monitor_orca.log
./monitor_orca.sh: line 11: backup_orca.sh: command not found
Setting up watches.  Beware: since -r was given, this may take a while!
Watches established.
./ MODIFY monitor_orca.log
./monitor_orca.sh: line 11: backup_orca.sh: command not found
Setting up watches.  Beware: since -r was given, this may take a while!
Watches established.
./ MODIFY monitor_orca.log
./monitor_orca.sh: line 11: backup_orca.sh: command not found
Setting up watches.  Beware: since -r was given, this may take a while!
Watches established.
./ MODIFY monitor_orca.log
./monitor_orca.sh: line 11: backup_orca.sh: command not found
Setting up watches.  Beware: since -r was given, this may take a while!
Watches established.
./ MODIFY monitor_orca.log
./monitor_orca.sh: line 11: backup_orca.sh: command not found
Setting up watches.  Beware: since -r was given, this may take a while!
Watches established.
./ MODIFY monitor_orca.log
./monitor_orca.sh: line 11: backup_orca.sh: command not found
Setting up watches.  Beware: since -r was given, this may take a while!
Watches established.
./ MODIFY monitor_orca.log
./monitor_orca.sh: line 11: backup_orca.sh: command not found
Setting up watches.  Beware: since -r was given, this may take a while!
Watches established.
./ MODIFY monitor_orca.log
./monitor_orca.sh: line 11: backup_orca.sh: command not found
Setting up watches.  Beware: since -r was given, this may take a while!
Watches established.
./ MODIFY monitor_orca.log
./monitor_orca.sh: line 11: backup_orca.sh: command not found
Setting up watches.  Beware: since -r was given, this may take a while!
Watches established.
./ MODIFY monitor_orca.log
./monitor_orca.sh: line 11: backup_orca.sh: command not found
Setting up watches.  Beware: since -r was given, this may take a while!
Watches established.
./ MODIFY monitor_orca.log
./monitor_orca.sh: line 11: backup_orca.sh: command not found
Setting up watches.  Beware: since -r was given, this may take a while!
Watches established.
./ MODIFY monitor_orca.log
./monitor_orca.sh: line 11: backup_orca.sh: command not found
Setting up watches.  Beware: since -r was given, this may take a while!
Watches established.
./ MODIFY monitor_orca.log
./monitor_orca.sh: line 11: backup_orca.sh: command not found
Setting up watches.  Beware: since -r was given, this may take a while!
Watches established.
./ MODIFY monitor_orca.log
./monitor_orca.sh: line 11: backup_orca.sh: command not found
Setting up watches.  Beware: since -r was given, this may take a while!
Watches established.
./ MODIFY monitor_orca.log
./monitor_orca.sh: line 11: backup_orca.sh: command not found
Setting up watches.  Beware: since -r was given, this may take a while!
Watches established.
./ MODIFY monitor_orca.log
./monitor_orca.sh: line 11: backup_orca.sh: command not found
Setting up watches.  Beware: since -r was given, this may take a while!
Watches established.
./ MODIFY monitor_orca.log
./monitor_orca.sh: line 11: backup_orca.sh: command not found
Setting up watches.  Beware: since -r was given, this may take a while!
Watches established.
./ MODIFY monitor_orca.log
./monitor_orca.sh: line 11: backup_orca.sh: command not found
Setting up watches.  Beware: since -r was given, this may take a while!
Watches established.
./ MODIFY monitor_orca.log
./monitor_orca.sh: line 11: backup_orca.sh: command not found
Setting up watches.  Beware: since -r was given, this may take a while!
Watches established.
./ MODIFY monitor_orca.log
./monitor_orca.sh: line 11: backup_orca.sh: command not found
Setting up watches.  Beware: since -r was given, this may take a while!
Watches established.
./ MODIFY monitor_orca.log
./monitor_orca.sh: line 11: backup_orca.sh: command not found
Setting up watches.  Beware: since -r was given, this may take a while!
Watches established.
./ MODIFY monitor_orca.log
./monitor_orca.sh: line 11: backup_orca.sh: command not found
Setting up watches.  Beware: since -r was given, this may take a while!
Watches established.
./ MODIFY monitor_orca.log
./monitor_orca.sh: line 11: backup_orca.sh: command not found
Setting up watches.  Beware: since -r was given, this may take a while!
Watches established.
./ MODIFY monitor_orca.log
./monitor_orca.sh: line 11: backup_orca.sh: command not found
Setting up watches.  Beware: since -r was given, this may take a while!
Watches established.
./ MODIFY monitor_orca.log
./monitor_orca.sh: line 11: backup_orca.sh: command not found
Setting up watches.  Beware: since -r was given, this may take a while!
Watches established.
./ MODIFY monitor_orca.log
./monitor_orca.sh: line 11: backup_orca.sh: command not found
Setting up watches.  Beware: since -r was given, this may take a while!
Watches established.
./ MODIFY monitor_orca.log
./monitor_orca.sh: line 11: backup_orca.sh: command not found
Setting up watches.  Beware: since -r was given, this may take a while!
Watches established.
./ MODIFY monitor_orca.log
./monitor_orca.sh: line 11: backup_orca.sh: command not found
Setting up watches.  Beware: since -r was given, this may take a while!
Watches established.
./ MODIFY monitor_orca.log
./monitor_orca.sh: line 11: backup_orca.sh: command not found
Setting up watches.  Beware: since -r was given, this may take a while!
Watches established.
./ MODIFY monitor_orca.log
./monitor_orca.sh: line 11: backup_orca.sh: command not found
Setting up watches.  Beware: since -r was given, this may take a while!
Watches established.
./ MODIFY monitor_orca.log
./monitor_orca.sh: line 11: backup_orca.sh: command not found
Setting up watches.  Beware: since -r was given, this may take a while!
Watches established.
./ MODIFY monitor_orca.log
./monitor_orca.sh: line 11: backup_orca.sh: command not found
Setting up watches.  Beware: since -r was given, this may take a while!
Watches established.
./ MODIFY monitor_orca.log
./monitor_orca.sh: line 11: backup_orca.sh: command not found
Setting up watches.  Beware: since -r was given, this may take a while!
Watches established.
./ MODIFY monitor_orca.log
./monitor_orca.sh: line 11: backup_orca.sh: command not found
Setting up watches.  Beware: since -r was given, this may take a while!
Watches established.
./ MODIFY monitor_orca.log
./monitor_orca.sh: line 11: backup_orca.sh: command not found
Setting up watches.  Beware: since -r was given, this may take a while!
Watches established.
./ MODIFY monitor_orca.log
./monitor_orca.sh: line 11: backup_orca.sh: command not found
Setting up watches.  Beware: since -r was given, this may take a while!
Watches established.
./ MODIFY monitor_orca.log
./monitor_orca.sh: line 11: backup_orca.sh: command not found
Setting up watches.  Beware: since -r was given, this may take a while!
Watches established.
./ MODIFY monitor_orca.log
./monitor_orca.sh: line 11: backup_orca.sh: command not found
Setting up watches.  Beware: since -r was given, this may take a while!
Watches established.
./ MODIFY monitor_orca.log
./monitor_orca.sh: line 11: backup_orca.sh: command not found
Setting up watches.  Beware: since -r was given, this may take a while!
Watches established.
./ MODIFY monitor_orca.log
./monitor_orca.sh: line 11: backup_orca.sh: command not found
Setting up watches.  Beware: since -r was given, this may take a while!
Watches established.
./ MODIFY monitor_orca.log
./monitor_orca.sh: line 11: backup_orca.sh: command not found
Setting up watches.  Beware: since -r was given, this may take a while!
Watches established.
./ MODIFY monitor_orca.log
./monitor_orca.sh: line 11: backup_orca.sh: command not found
Setting up watches.  Beware: since -r was given, this may take a while!
Watches established.
./ MODIFY monitor_orca.log
./monitor_orca.sh: line 11: backup_orca.sh: command not found
Setting up watches.  Beware: since -r was given, this may take a while!
Watches established.
./ MODIFY monitor_orca.log
./monitor_orca.sh: line 11: backup_orca.sh: command not found
Setting up watches.  Beware: since -r was given, this may take a while!
Watches established.
./ MODIFY monitor_orca.log
./monitor_orca.sh: line 11: backup_orca.sh: command not found
Setting up watches.  Beware: since -r was given, this may take a while!
Watches established.
./ MODIFY monitor_orca.log
./monitor_orca.sh: line 11: backup_orca.sh: command not found
Setting up watches.  Beware: since -r was given, this may take a while!
Watches established.
./ MODIFY monitor_orca.log
./monitor_orca.sh: line 11: backup_orca.sh: command not found
Setting up watches.  Beware: since -r was given, this may take a while!
Watches established.
./ MODIFY monitor_orca.log
./monitor_orca.sh: line 11: backup_orca.sh: command not found
Setting up watches.  Beware: since -r was given, this may take a while!
Watches established.
./ MODIFY monitor_orca.log
./monitor_orca.sh: line 11: backup_orca.sh: command not found
Setting up watches.  Beware: since -r was given, this may take a while!
Watches established.
./ MODIFY monitor_orca.log
./monitor_orca.sh: line 11: backup_orca.sh: command not found
Setting up watches.  Beware: since -r was given, this may take a while!
Watches established.
./ MODIFY monitor_orca.log
./monitor_orca.sh: line 11: backup_orca.sh: command not found
Setting up watches.  Beware: since -r was given, this may take a while!
Watches established.
./ MODIFY monitor_orca.log
./monitor_orca.sh: line 11: backup_orca.sh: command not found
Setting up watches.  Beware: since -r was given, this may take a while!
Watches established.
./ MODIFY monitor_orca.log
./monitor_orca.sh: line 11: backup_orca.sh: command not found
Setting up watches.  Beware: since -r was given, this may take a while!
Watches established.
./ MODIFY monitor_orca.log
./monitor_orca.sh: line 11: backup_orca.sh: command not found
Setting up watches.  Beware: since -r was given, this may take a while!
Watches established.
./ MODIFY monitor_orca.log
./monitor_orca.sh: line 11: backup_orca.sh: command not found
Setting up watches.  Beware: since -r was given, this may take a while!
Watches established.
./ MODIFY monitor_orca.log
./monitor_orca.sh: line 11: backup_orca.sh: command not found
Setting up watches.  Beware: since -r was given, this may take a while!
Watches established.
./ MODIFY monitor_orca.log
./monitor_orca.sh: line 11: backup_orca.sh: command not found
Setting up watches.  Beware: since -r was given, this may take a while!
Watches established.
./ MODIFY monitor_orca.log
./monitor_orca.sh: line 11: backup_orca.sh: command not found
Setting up watches.  Beware: since -r was given, this may take a while!
Watches established.
./ MODIFY monitor_orca.log
./monitor_orca.sh: line 11: backup_orca.sh: command not found
Setting up watches.  Beware: since -r was given, this may take a while!
Watches established.
./ MODIFY monitor_orca.log
./monitor_orca.sh: line 11: backup_orca.sh: command not found
Setting up watches.  Beware: since -r was given, this may take a while!
Watches established.
./ MODIFY monitor_orca.log
./monitor_orca.sh: line 11: backup_orca.sh: command not found
Setting up watches.  Beware: since -r was given, this may take a while!
Watches established.
./ MODIFY monitor_orca.log
./monitor_orca.sh: line 11: backup_orca.sh: command not found
Setting up watches.  Beware: since -r was given, this may take a while!
Watches established.
./ MODIFY monitor_orca.log
./monitor_orca.sh: line 11: backup_orca.sh: command not found
Setting up watches.  Beware: since -r was given, this may take a while!
Watches established.
./ MODIFY monitor_orca.log
./monitor_orca.sh: line 11: backup_orca.sh: command not found
Setting up watches.  Beware: since -r was given, this may take a while!
Watches established.
./ MODIFY monitor_orca.log
./monitor_orca.sh: line 11: backup_orca.sh: command not found
Setting up watches.  Beware: since -r was given, this may take a while!
Watches established.
./ MODIFY monitor_orca.log
./monitor_orca.sh: line 11: backup_orca.sh: command not found
Setting up watches.  Beware: since -r was given, this may take a while!
Watches established.
./ MODIFY monitor_orca.log
./monitor_orca.sh: line 11: backup_orca.sh: command not found
Setting up watches.  Beware: since -r was given, this may take a while!
Watches established.
./ MODIFY monitor_orca.log
./monitor_orca.sh: line 11: backup_orca.sh: command not found
Setting up watches.  Beware: since -r was given, this may take a while!
Watches established.
./ MODIFY monitor_orca.log
./monitor_orca.sh: line 11: backup_orca.sh: command not found
Setting up watches.  Beware: since -r was given, this may take a while!
Watches established.
./ MODIFY monitor_orca.log
./monitor_orca.sh: line 11: backup_orca.sh: command not found
Setting up watches.  Beware: since -r was given, this may take a while!
Watches established.
./ MODIFY monitor_orca.log
./monitor_orca.sh: line 11: backup_orca.sh: command not found
Setting up watches.  Beware: since -r was given, this may take a while!
Watches established.
./ MODIFY monitor_orca.log
./monitor_orca.sh: line 11: backup_orca.sh: command not found
Setting up watches.  Beware: since -r was given, this may take a while!
Watches established.
./ MODIFY monitor_orca.log
./monitor_orca.sh: line 11: backup_orca.sh: command not found
Setting up watches.  Beware: since -r was given, this may take a while!
Watches established.
./ MODIFY monitor_orca.log
./monitor_orca.sh: line 11: backup_orca.sh: command not found
Setting up watches.  Beware: since -r was given, this may take a while!
Watches established.
./ MODIFY monitor_orca.log
./monitor_orca.sh: line 11: backup_orca.sh: command not found
Setting up watches.  Beware: since -r was given, this may take a while!
Watches established.
./ MODIFY monitor_orca.log
./monitor_orca.sh: line 11: backup_orca.sh: command not found
Setting up watches.  Beware: since -r was given, this may take a while!
Watches established.
./ MODIFY monitor_orca.log
./monitor_orca.sh: line 11: backup_orca.sh: command not found
Setting up watches.  Beware: since -r was given, this may take a while!
Watches established.
./ MODIFY monitor_orca.log
./monitor_orca.sh: line 11: backup_orca.sh: command not found
Setting up watches.  Beware: since -r was given, this may take a while!
Watches established.
./ MODIFY monitor_orca.log
./monitor_orca.sh: line 11: backup_orca.sh: command not found
Setting up watches.  Beware: since -r was given, this may take a while!
Watches established.
./ MODIFY monitor_orca.log
./monitor_orca.sh: line 11: backup_orca.sh: command not found
Setting up watches.  Beware: since -r was given, this may take a while!
Watches established.
./ MODIFY monitor_orca.log
./monitor_orca.sh: line 11: backup_orca.sh: command not found
Setting up watches.  Beware: since -r was given, this may take a while!
Watches established.
./ MODIFY monitor_orca.log
./monitor_orca.sh: line 11: backup_orca.sh: command not found
Setting up watches.  Beware: since -r was given, this may take a while!
Watches established.
./ MODIFY monitor_orca.log
./monitor_orca.sh: line 11: backup_orca.sh: command not found
Setting up watches.  Beware: since -r was given, this may take a while!
Watches established.
./ MODIFY monitor_orca.log
./monitor_orca.sh: line 11: backup_orca.sh: command not found
Setting up watches.  Beware: since -r was given, this may take a while!
Watches established.
./ MODIFY monitor_orca.log
./monitor_orca.sh: line 11: backup_orca.sh: command not found
Setting up watches.  Beware: since -r was given, this may take a while!
Watches established.
./ MODIFY monitor_orca.log
./monitor_orca.sh: line 11: backup_orca.sh: command not found
Setting up watches.  Beware: since -r was given, this may take a while!
Watches established.
./ MODIFY monitor_orca.log
./monitor_orca.sh: line 11: backup_orca.sh: command not found
Setting up watches.  Beware: since -r was given, this may take a while!
Watches established.
./ MODIFY monitor_orca.log
./monitor_orca.sh: line 11: backup_orca.sh: command not found
Setting up watches.  Beware: since -r was given, this may take a while!
Watches established.
./ MODIFY monitor_orca.log
./monitor_orca.sh: line 11: backup_orca.sh: command not found
Setting up watches.  Beware: since -r was given, this may take a while!
Watches established.
./ MODIFY monitor_orca.log
./monitor_orca.sh: line 11: backup_orca.sh: command not found
Setting up watches.  Beware: since -r was given, this may take a while!
Watches established.
./ MODIFY monitor_orca.log
./monitor_orca.sh: line 11: backup_orca.sh: command not found
Setting up watches.  Beware: since -r was given, this may take a while!
Watches established.
./ MODIFY monitor_orca.log
./monitor_orca.sh: line 11: backup_orca.sh: command not found
Setting up watches.  Beware: since -r was given, this may take a while!
Watches established.
./ MODIFY monitor_orca.log
./monitor_orca.sh: line 11: backup_orca.sh: command not found
Setting up watches.  Beware: since -r was given, this may take a while!
Watches established.
./ MODIFY monitor_orca.log
./monitor_orca.sh: line 11: backup_orca.sh: command not found
Setting up watches.  Beware: since -r was given, this may take a while!
Watches established.
./ MODIFY monitor_orca.log
./monitor_orca.sh: line 11: backup_orca.sh: command not found
Setting up watches.  Beware: since -r was given, this may take a while!
Watches established.
./ MODIFY monitor_orca.log
./monitor_orca.sh: line 11: backup_orca.sh: command not found
Setting up watches.  Beware: since -r was given, this may take a while!
Watches established.
./ MODIFY monitor_orca.log
./monitor_orca.sh: line 11: backup_orca.sh: command not found
Setting up watches.  Beware: since -r was given, this may take a while!
Watches established.
./ MODIFY monitor_orca.log
./monitor_orca.sh: line 11: backup_orca.sh: command not found
Setting up watches.  Beware: since -r was given, this may take a while!
Watches established.
./ MODIFY monitor_orca.log
./monitor_orca.sh: line 11: backup_orca.sh: command not found
Setting up watches.  Beware: since -r was given, this may take a while!
Watches established.
./ MODIFY monitor_orca.log
./monitor_orca.sh: line 11: backup_orca.sh: command not found
Setting up watches.  Beware: since -r was given, this may take a while!
Watches established.
./ MODIFY monitor_orca.log
./monitor_orca.sh: line 11: backup_orca.sh: command not found
Setting up watches.  Beware: since -r was given, this may take a while!
Watches established.
./ MODIFY monitor_orca.log
./monitor_orca.sh: line 11: backup_orca.sh: command not found
Setting up watches.  Beware: since -r was given, this may take a while!
Watches established.
./ MODIFY monitor_orca.log
./monitor_orca.sh: line 11: backup_orca.sh: command not found
Setting up watches.  Beware: since -r was given, this may take a while!
Watches established.
./ MODIFY monitor_orca.log
./monitor_orca.sh: line 11: backup_orca.sh: command not found
Setting up watches.  Beware: since -r was given, this may take a while!
Watches established.
./ MODIFY monitor_orca.log
./monitor_orca.sh: line 11: backup_orca.sh: command not found
Setting up watches.  Beware: since -r was given, this may take a while!
Watches established.
./ MODIFY monitor_orca.log
./monitor_orca.sh: line 11: backup_orca.sh: command not found
Setting up watches.  Beware: since -r was given, this may take a while!
Watches established.
./ MODIFY monitor_orca.log
./monitor_orca.sh: line 11: backup_orca.sh: command not found
Setting up watches.  Beware: since -r was given, this may take a while!
Watches established.
./ MODIFY monitor_orca.log
./monitor_orca.sh: line 11: backup_orca.sh: command not found
Setting up watches.  Beware: since -r was given, this may take a while!
Watches established.
./ MODIFY monitor_orca.log
./monitor_orca.sh: line 11: backup_orca.sh: command not found
Setting up watches.  Beware: since -r was given, this may take a while!
Watches established.
./ MODIFY monitor_orca.log
./monitor_orca.sh: line 11: backup_orca.sh: command not found
Setting up watches.  Beware: since -r was given, this may take a while!
Watches established.
./ MODIFY monitor_orca.log
./monitor_orca.sh: line 11: backup_orca.sh: command not found
Setting up watches.  Beware: since -r was given, this may take a while!
Watches established.
./ MODIFY monitor_orca.log
./monitor_orca.sh: line 11: backup_orca.sh: command not found
Setting up watches.  Beware: since -r was given, this may take a while!
Watches established.
./ MODIFY monitor_orca.log
nohup: ignoring input
Setting up watches.  Beware: since -r was given, this may take a while!
Watches established.
./ MODIFY monitor_orca.log
./monitor_orca.sh: line 11: backup_orca.sh: command not found
Setting up watches.  Beware: since -r was given, this may take a while!
Watches established.
./ MODIFY monitor_orca.log
 M monitor_orca.log
 M monitor_orca.sh
warning: LF will be replaced by CRLF in monitor_orca.log.
The file will have its original line endings in your working directory
warning: LF will be replaced by CRLF in monitor_orca.sh.
The file will have its original line endings in your working directory
[master 895ad95] Automatic backup 2025-04-01 19:57:44
 2 files changed, 123 insertions(+), 1 deletion(-)
Changes committed on 2025-04-01 19:57:45
To github.com:cdracars/orca-backup.git
   905e515..895ad95  master -> master
Changes pushed to remote repository
Setting up watches.  Beware: since -r was given, this may take a while!
Watches established.
./ MODIFY monitor_orca.log
./monitor_orca.sh: line 11: backup_orca.sh: command not found
Setting up watches.  Beware: since -r was given, this may take a while!
Watches established.
./ MODIFY monitor_orca.log
 M monitor_orca.log
warning: LF will be replaced by CRLF in monitor_orca.log.
The file will have its original line endings in your working directory
[master 68fc786] Automatic backup 2025-04-01 19:57:57
 1 file changed, 18 insertions(+)
Changes committed on 2025-04-01 19:57:57
To github.com:cdracars/orca-backup.git
   895ad95..68fc786  master -> master
Changes pushed to remote repository
Setting up watches.  Beware: since -r was given, this may take a while!
Watches established.
./ MODIFY monitor_orca.log
./monitor_orca.sh: line 11: backup_orca.sh: command not found
Setting up watches.  Beware: since -r was given, this may take a while!
Watches established.
./ MODIFY monitor_orca.log
 M monitor_orca.log
warning: LF will be replaced by CRLF in monitor_orca.log.
The file will have its original line endings in your working directory
[master e1ebfb5] Automatic backup 2025-04-01 19:58:09
 1 file changed, 16 insertions(+)
Changes committed on 2025-04-01 19:58:10
To github.com:cdracars/orca-backup.git
   68fc786..e1ebfb5  master -> master
Changes pushed to remote repository
Setting up watches.  Beware: since -r was given, this may take a while!
Watches established.
./ MODIFY monitor_orca.log
./monitor_orca.sh: line 11: backup_orca.sh: command not found
Setting up watches.  Beware: since -r was given, this may take a while!
Watches established.
./ MODIFY monitor_orca.log
 M monitor_orca.log
warning: LF will be replaced by CRLF in monitor_orca.log.
The file will have its original line endings in your working directory
[master 9039952] Automatic backup 2025-04-01 19:58:22
 1 file changed, 16 insertions(+)
Changes committed on 2025-04-01 19:58:22
To github.com:cdracars/orca-backup.git
   e1ebfb5..9039952  master -> master
Changes pushed to remote repository
Setting up watches.  Beware: since -r was given, this may take a while!
Watches established.
./ MODIFY monitor_orca.log
./monitor_orca.sh: line 11: backup_orca.sh: command not found
Setting up watches.  Beware: since -r was given, this may take a while!
Watches established.
./ MODIFY monitor_orca.log
No changes detected on 2025-04-01 19:58:34
Setting up watches.  Beware: since -r was given, this may take a while!
Watches established.
./ MODIFY monitor_orca.log
./monitor_orca.sh: line 11: backup_orca.sh: command not found
Setting up watches.  Beware: since -r was given, this may take a while!
Watches established.
./ MODIFY monitor_orca.log
 M monitor_orca.log
warning: LF will be replaced by CRLF in monitor_orca.log.
The file will have its original line endings in your working directory
[master e332c3a] Automatic backup 2025-04-01 19:58:45
 1 file changed, 9 insertions(+)
Changes committed on 2025-04-01 19:58:45
./monitor_orca.sh: line 11: backup_orca.sh: command not found
Setting up watches.  Beware: since -r was given, this may take a while!
To github.com:cdracars/orca-backup.git
   8671ed2..e332c3a  master -> master
Changes pushed to remote repository
Setting up watches.  Beware: since -r was given, this may take a while!
Watches established.
./.git/refs/remotes/origin/ CREATE master.lock
Watches established.
./ MODIFY monitor_orca.log
./monitor_orca.sh: line 11: backup_orca.sh: command not found
Setting up watches.  Beware: since -r was given, this may take a while!
Watches established.
./ MODIFY monitor_orca.log
 M monitor_orca.log
warning: LF will be replaced by CRLF in monitor_orca.log.
The file will have its original line endings in your working directory
[master 2147c54] Automatic backup 2025-04-01 19:58:57
 1 file changed, 20 insertions(+)
Changes committed on 2025-04-01 19:58:58
To github.com:cdracars/orca-backup.git
   e332c3a..2147c54  master -> master
Changes pushed to remote repository
Setting up watches.  Beware: since -r was given, this may take a while!
Watches established.
./ MODIFY monitor_orca.log
./monitor_orca.sh: line 11: backup_orca.sh: command not found
Setting up watches.  Beware: since -r was given, this may take a while!
Watches established.
./ MODIFY monitor_orca.log
 M monitor_orca.log
warning: LF will be replaced by CRLF in monitor_orca.log.
The file will have its original line endings in your working directory
[master 6d38e5f] Automatic backup 2025-04-01 19:59:10
 1 file changed, 16 insertions(+)
Changes committed on 2025-04-01 19:59:10
To github.com:cdracars/orca-backup.git
   2147c54..6d38e5f  master -> master
Changes pushed to remote repository
Setting up watches.  Beware: since -r was given, this may take a while!
Watches established.
./ MODIFY monitor_orca.log
./monitor_orca.sh: line 11: backup_orca.sh: command not found
Setting up watches.  Beware: since -r was given, this may take a while!
Watches established.
./ MODIFY monitor_orca.log
 M monitor_orca.log
warning: LF will be replaced by CRLF in monitor_orca.log.
The file will have its original line endings in your working directory
[master ff91570] Automatic backup 2025-04-01 19:59:22
 1 file changed, 16 insertions(+)
Changes committed on 2025-04-01 19:59:23
To github.com:cdracars/orca-backup.git
   6d38e5f..ff91570  master -> master
Changes pushed to remote repository
Setting up watches.  Beware: since -r was given, this may take a while!
Watches established.
./ MODIFY monitor_orca.log
./monitor_orca.sh: line 11: backup_orca.sh: command not found
Setting up watches.  Beware: since -r was given, this may take a while!
Watches established.
./ MODIFY monitor_orca.log
 M monitor_orca.log
warning: LF will be replaced by CRLF in monitor_orca.log.
The file will have its original line endings in your working directory
[master b381abc] Automatic backup 2025-04-01 19:59:35
 1 file changed, 16 insertions(+)
Changes committed on 2025-04-01 19:59:35
To github.com:cdracars/orca-backup.git
   ff91570..b381abc  master -> master
Changes pushed to remote repository
Setting up watches.  Beware: since -r was given, this may take a while!
Watches established.
./ MODIFY monitor_orca.log
./monitor_orca.sh: line 11: backup_orca.sh: command not found
Setting up watches.  Beware: since -r was given, this may take a while!
Watches established.
./ MODIFY monitor_orca.log
 M monitor_orca.log
warning: LF will be replaced by CRLF in monitor_orca.log.
The file will have its original line endings in your working directory
[master c736d85] Automatic backup 2025-04-01 19:59:47
 1 file changed, 16 insertions(+)
Changes committed on 2025-04-01 19:59:47
To github.com:cdracars/orca-backup.git
   b381abc..c736d85  master -> master
Changes pushed to remote repository
Setting up watches.  Beware: since -r was given, this may take a while!
Watches established.
./ MODIFY monitor_orca.log
./monitor_orca.sh: line 11: backup_orca.sh: command not found
Setting up watches.  Beware: since -r was given, this may take a while!
Watches established.
./ MODIFY monitor_orca.log
 M monitor_orca.log
warning: LF will be replaced by CRLF in monitor_orca.log.
The file will have its original line endings in your working directory
[master 3420be2] Automatic backup 2025-04-01 19:59:59
 1 file changed, 16 insertions(+)
Changes committed on 2025-04-01 20:00:00
./monitor_orca.sh: line 11: backup_orca.sh: command not found
Setting up watches.  Beware: since -r was given, this may take a while!
Watches established.
./ MODIFY monitor_orca.log
To github.com:cdracars/orca-backup.git
   c736d85..3420be2  master -> master
Changes pushed to remote repository
Setting up watches.  Beware: since -r was given, this may take a while!
Watches established.
./ MODIFY monitor_orca.log
./monitor_orca.sh: line 11: backup_orca.sh: command not found
Setting up watches.  Beware: since -r was given, this may take a while!
Watches established.
./ MODIFY monitor_orca.log
 M monitor_orca.log
